[Thu Dec 07 15:57:08.895768 2023] [ssl:warn] [pid 9392:tid 464] AH01909: www.example.com:443:0 server certificate does NOT include an ID which matches the server name
[Thu Dec 07 15:57:09.022204 2023] [ssl:warn] [pid 9392:tid 464] AH01909: www.example.com:443:0 server certificate does NOT include an ID which matches the server name
[Thu Dec 07 15:57:09.083936 2023] [mpm_winnt:notice] [pid 9392:tid 464] AH00455: Apache/2.4.58 (Win64) OpenSSL/3.1.3 PHP/8.2.12 configured -- resuming normal operations
[Thu Dec 07 15:57:09.083936 2023] [mpm_winnt:notice] [pid 9392:tid 464] AH00456: Apache Lounge VS17 Server built: Oct 18 2023 13:03:18
[Thu Dec 07 15:57:09.083936 2023] [core:notice] [pid 9392:tid 464] AH00094: Command line: 'c:\\users\\pc\\desktop\\project\\project\\baza-danych\\apache\\bin\\httpd.exe -d C:/Users/pc/Desktop/project/project/baza-danych/apache'
[Thu Dec 07 15:57:09.090989 2023] [mpm_winnt:notice] [pid 9392:tid 464] AH00418: Parent: Created child process 9944
[Thu Dec 07 15:57:09.693131 2023] [ssl:warn] [pid 9944:tid 448] AH01909: www.example.com:443:0 server certificate does NOT include an ID which matches the server name
[Thu Dec 07 15:57:09.809560 2023] [ssl:warn] [pid 9944:tid 448] AH01909: www.example.com:443:0 server certificate does NOT include an ID which matches the server name
[Thu Dec 07 15:57:09.867394 2023] [mpm_winnt:notice] [pid 9944:tid 448] AH00354: Child: Starting 150 worker threads.
[Thu Dec 07 16:55:17.873021 2023] [php:error] [pid 9944:tid 1884] [client ::1:57300] PHP Parse error:  syntax error, unexpected token "if" in C:\\Users\\pc\\Desktop\\project\\project\\baza-danych\\htdocs\\login\\test.php on line 7, referer: http://localhost/login/login.php
[Thu Dec 07 16:56:06.276705 2023] [php:error] [pid 9944:tid 1864] [client ::1:57301] PHP Parse error:  syntax error, unexpected token "if" in C:\\Users\\pc\\Desktop\\project\\project\\baza-danych\\htdocs\\login\\test.php on line 7, referer: http://localhost/login/login.php
[Thu Dec 07 16:56:09.269156 2023] [php:error] [pid 9944:tid 1864] [client ::1:57301] PHP Parse error:  syntax error, unexpected token "if" in C:\\Users\\pc\\Desktop\\project\\project\\baza-danych\\htdocs\\login\\test.php on line 7, referer: http://localhost/login/login.php
[Thu Dec 07 16:57:23.126648 2023] [php:error] [pid 9944:tid 1884] [client ::1:57348] PHP Parse error:  syntax error, unexpected token "if" in C:\\Users\\pc\\Desktop\\project\\project\\baza-danych\\htdocs\\login\\test.php on line 7, referer: http://localhost/login/login.php
[Thu Dec 07 16:57:25.100664 2023] [php:error] [pid 9944:tid 1884] [client ::1:57348] PHP Parse error:  syntax error, unexpected token "if" in C:\\Users\\pc\\Desktop\\project\\project\\baza-danych\\htdocs\\login\\test.php on line 7, referer: http://localhost/login/login.php
[Thu Dec 07 16:58:06.747145 2023] [php:error] [pid 9944:tid 1864] [client ::1:57349] PHP Parse error:  syntax error, unexpected token "if" in C:\\Users\\pc\\Desktop\\project\\project\\baza-danych\\htdocs\\login\\test.php on line 7, referer: http://localhost/login/login.php
[Thu Dec 07 16:58:07.196153 2023] [php:error] [pid 9944:tid 1864] [client ::1:57349] PHP Parse error:  syntax error, unexpected token "if" in C:\\Users\\pc\\Desktop\\project\\project\\baza-danych\\htdocs\\login\\test.php on line 7, referer: http://localhost/login/login.php
[Thu Dec 07 16:58:09.253188 2023] [php:error] [pid 9944:tid 1864] [client ::1:57349] PHP Parse error:  syntax error, unexpected token "if" in C:\\Users\\pc\\Desktop\\project\\project\\baza-danych\\htdocs\\login\\test.php on line 7, referer: http://localhost/login/login.php
[Thu Dec 07 17:02:43.536649 2023] [php:error] [pid 9944:tid 1884] [client ::1:57550] PHP Parse error:  syntax error, unexpected token "if" in C:\\Users\\pc\\Desktop\\project\\project\\baza-danych\\htdocs\\login\\test.php on line 7, referer: http://localhost/login/login.php
[Thu Dec 07 17:02:56.206144 2023] [php:error] [pid 9944:tid 1864] [client ::1:57551] PHP Parse error:  syntax error, unexpected variable "$connection", expecting "," or ";" in C:\\Users\\pc\\Desktop\\project\\project\\baza-danych\\htdocs\\login\\test.php on line 18, referer: http://localhost/login/login.php
[Thu Dec 07 17:02:57.732745 2023] [php:error] [pid 9944:tid 1864] [client ::1:57551] PHP Parse error:  syntax error, unexpected variable "$connection", expecting "," or ";" in C:\\Users\\pc\\Desktop\\project\\project\\baza-danych\\htdocs\\login\\test.php on line 18, referer: http://localhost/login/login.php
[Thu Dec 07 17:03:46.710217 2023] [php:error] [pid 9944:tid 1884] [client ::1:57557] PHP Parse error:  syntax error, unexpected variable "$connection", expecting "," or ";" in C:\\Users\\pc\\Desktop\\project\\project\\baza-danych\\htdocs\\login\\test.php on line 18, referer: http://localhost/login/login.php
[Thu Dec 07 17:03:48.656093 2023] [php:error] [pid 9944:tid 1884] [client ::1:57557] PHP Parse error:  syntax error, unexpected variable "$connection", expecting "," or ";" in C:\\Users\\pc\\Desktop\\project\\project\\baza-danych\\htdocs\\login\\test.php on line 18, referer: http://localhost/login/login.php
[Thu Dec 07 17:05:24.218550 2023] [php:error] [pid 9944:tid 1864] [client ::1:57611] PHP Parse error:  syntax error, unexpected variable "$connection", expecting "," or ";" in C:\\Users\\pc\\Desktop\\project\\project\\baza-danych\\htdocs\\login\\test.php on line 18, referer: http://localhost/login/login.php
[Thu Dec 07 17:21:41.229400 2023] [php:error] [pid 9944:tid 1884] [client ::1:58143] PHP Parse error:  syntax error, unexpected variable "$connection" in C:\\Users\\pc\\Desktop\\project\\project\\baza-danych\\htdocs\\login\\test.php on line 19, referer: http://localhost/login/login.php
[Thu Dec 07 17:24:33.159308 2023] [php:error] [pid 9944:tid 1864] [client ::1:58233] PHP Parse error:  syntax error, unexpected token "}" in C:\\Users\\pc\\Desktop\\project\\project\\baza-danych\\htdocs\\login\\test.php on line 26, referer: http://localhost/login/login.php
[Thu Dec 07 17:33:58.015321 2023] [php:error] [pid 9944:tid 1884] [client ::1:58462] PHP Parse error:  syntax error, unexpected token "}", expecting "," or ";" in C:\\Users\\pc\\Desktop\\project\\project\\baza-danych\\htdocs\\login\\login.php on line 44, referer: http://localhost/main-site/g%C5%82%C3%B3wna.php
[Thu Dec 07 17:34:05.290304 2023] [php:warn] [pid 9944:tid 1864] [client ::1:58463] PHP Warning:  session_start(): Session cannot be started after headers have already been sent in C:\\Users\\pc\\Desktop\\project\\project\\baza-danych\\htdocs\\login\\login.php on line 41, referer: http://localhost/main-site/g%C5%82%C3%B3wna.php
[Thu Dec 07 17:34:05.291305 2023] [php:warn] [pid 9944:tid 1864] [client ::1:58463] PHP Warning:  Undefined global variable $_SESSION in C:\\Users\\pc\\Desktop\\project\\project\\baza-danych\\htdocs\\login\\login.php on line 42, referer: http://localhost/main-site/g%C5%82%C3%B3wna.php
[Thu Dec 07 17:34:05.291305 2023] [php:warn] [pid 9944:tid 1864] [client ::1:58463] PHP Warning:  Trying to access array offset on value of type null in C:\\Users\\pc\\Desktop\\project\\project\\baza-danych\\htdocs\\login\\login.php on line 42, referer: http://localhost/main-site/g%C5%82%C3%B3wna.php
[Thu Dec 07 17:35:16.984298 2023] [php:warn] [pid 9944:tid 1884] [client ::1:58495] PHP Warning:  Undefined array key "err" in C:\\Users\\pc\\Desktop\\project\\project\\baza-danych\\htdocs\\login\\login.php on line 43, referer: http://localhost/main-site/g%C5%82%C3%B3wna.php
[Thu Dec 07 17:35:48.244368 2023] [php:error] [pid 9944:tid 1864] [client ::1:58496] PHP Parse error:  syntax error, unexpected token "if" in C:\\Users\\pc\\Desktop\\project\\project\\baza-danych\\htdocs\\login\\login.php on line 43, referer: http://localhost/main-site/g%C5%82%C3%B3wna.php
[Thu Dec 07 17:36:02.387108 2023] [php:error] [pid 9944:tid 1884] [client ::1:58508] PHP Parse error:  syntax error, unexpected token "require_once" in C:\\Users\\pc\\Desktop\\project\\project\\baza-danych\\htdocs\\login\\test.php on line 7, referer: http://localhost/login/login.php
[Thu Dec 07 17:36:21.081683 2023] [php:error] [pid 9944:tid 1864] [client ::1:58512] PHP Parse error:  syntax error, unexpected identifier "header" in C:\\Users\\pc\\Desktop\\project\\project\\baza-danych\\htdocs\\login\\test.php on line 33, referer: http://localhost/login/login.php
[Thu Dec 07 17:36:46.149295 2023] [php:error] [pid 9944:tid 1884] [client ::1:58521] PHP Parse error:  syntax error, unexpected identifier "header" in C:\\Users\\pc\\Desktop\\project\\project\\baza-danych\\htdocs\\login\\test.php on line 33, referer: http://localhost/login/login.php
[Thu Dec 07 17:36:46.803705 2023] [php:error] [pid 9944:tid 1884] [client ::1:58521] PHP Parse error:  syntax error, unexpected identifier "header" in C:\\Users\\pc\\Desktop\\project\\project\\baza-danych\\htdocs\\login\\test.php on line 33, referer: http://localhost/login/login.php
[Thu Dec 07 17:36:49.531356 2023] [php:error] [pid 9944:tid 1884] [client ::1:58521] PHP Parse error:  syntax error, unexpected identifier "header" in C:\\Users\\pc\\Desktop\\project\\project\\baza-danych\\htdocs\\login\\test.php on line 33, referer: http://localhost/login/login.php
[Thu Dec 07 17:45:02.724048 2023] [php:error] [pid 9944:tid 1864] [client ::1:58745] PHP Parse error:  syntax error, unexpected identifier "header" in C:\\Users\\pc\\Desktop\\project\\project\\baza-danych\\htdocs\\login\\test.php on line 33, referer: http://localhost/login/login.php
[Thu Dec 07 17:47:28.702601 2023] [php:error] [pid 9944:tid 1884] [client ::1:58806] PHP Parse error:  syntax error, unexpected token "}", expecting "," or ";" in C:\\Users\\pc\\Desktop\\project\\project\\baza-danych\\htdocs\\login\\test.php on line 35, referer: http://localhost/login/login.php
[Thu Dec 07 17:53:09.815823 2023] [php:error] [pid 9944:tid 1864] [client ::1:58979] PHP Parse error:  syntax error, unexpected variable "$rezultat", expecting ";" in C:\\Users\\pc\\Desktop\\project\\project\\baza-danych\\htdocs\\login\\test.php on line 27, referer: http://localhost/login/login.php
[Thu Dec 07 18:14:12.892467 2023] [php:error] [pid 9944:tid 1864] [client ::1:59608] PHP Parse error:  syntax error, unexpected token "}", expecting "," or ";" in C:\\Users\\pc\\Desktop\\project\\project\\baza-danych\\htdocs\\main-site\\g\xc5\x82\xc3\xb3wna.php on line 29, referer: http://localhost/login/login.php
[Thu Dec 07 18:14:29.280186 2023] [php:warn] [pid 9944:tid 1884] [client ::1:59609] PHP Warning:  Undefined array key "zalogowany" in C:\\Users\\pc\\Desktop\\project\\project\\baza-danych\\htdocs\\main-site\\g\xc5\x82\xc3\xb3wna.php on line 27, referer: http://localhost/login/login.php
[Thu Dec 07 18:14:55.048746 2023] [php:error] [pid 9944:tid 1864] [client ::1:59626] PHP Parse error:  syntax error, unexpected variable "$wiersz" in C:\\Users\\pc\\Desktop\\project\\project\\baza-danych\\htdocs\\login\\test.php on line 25, referer: http://localhost/login/login.php
[Thu Dec 07 18:15:16.876742 2023] [php:error] [pid 9944:tid 1864] [client ::1:59635] PHP Parse error:  syntax error, unexpected identifier "header" in C:\\Users\\pc\\Desktop\\project\\project\\baza-danych\\htdocs\\login\\test.php on line 35, referer: http://localhost/login/login.php
[Thu Dec 07 18:16:55.380559 2023] [php:error] [pid 9944:tid 1864] [client ::1:59686] PHP Fatal error:  Uncaught TypeError: Unsupported operand types: bool + string in C:\\Users\\pc\\Desktop\\project\\project\\baza-danych\\htdocs\\main-site\\g\xc5\x82\xc3\xb3wna.php:2\nStack trace:\n#0 {main}\n  thrown in C:\\Users\\pc\\Desktop\\project\\project\\baza-danych\\htdocs\\main-site\\g\xc5\x82\xc3\xb3wna.php on line 2, referer: http://localhost/login/login.php
[Thu Dec 07 18:17:05.199340 2023] [php:error] [pid 9944:tid 1884] [client ::1:59687] PHP Parse error:  syntax error, unexpected token ";" in C:\\Users\\pc\\Desktop\\project\\project\\baza-danych\\htdocs\\main-site\\g\xc5\x82\xc3\xb3wna.php on line 3, referer: http://localhost/login/login.php
[Thu Dec 07 18:17:13.561448 2023] [php:error] [pid 9944:tid 1864] [client ::1:59691] PHP Parse error:  syntax error, unexpected token ";" in C:\\Users\\pc\\Desktop\\project\\project\\baza-danych\\htdocs\\main-site\\g\xc5\x82\xc3\xb3wna.php on line 2, referer: http://localhost/login/login.php
[Thu Dec 07 18:20:20.792625 2023] [php:error] [pid 9944:tid 1884] [client ::1:59838] PHP Parse error:  syntax error, unexpected token "echo" in C:\\Users\\pc\\Desktop\\project\\project\\baza-danych\\htdocs\\main-site\\g\xc5\x82\xc3\xb3wna.php on line 28, referer: http://localhost/login/login.php
[Thu Dec 07 18:20:21.286103 2023] [php:error] [pid 9944:tid 1884] [client ::1:59838] PHP Parse error:  syntax error, unexpected token "echo" in C:\\Users\\pc\\Desktop\\project\\project\\baza-danych\\htdocs\\main-site\\g\xc5\x82\xc3\xb3wna.php on line 28, referer: http://localhost/login/login.php
[Thu Dec 07 18:49:30.704462 2023] [php:error] [pid 9944:tid 1884] [client ::1:60706] PHP Parse error:  syntax error, unexpected identifier "header" in C:\\Users\\pc\\Desktop\\project\\project\\baza-danych\\htdocs\\logout.php on line 4, referer: http://localhost/main-site/g%C5%82%C3%B3wna.php
[Thu Dec 07 18:49:38.999665 2023] [php:error] [pid 9944:tid 1864] [client ::1:60707] script 'C:/Users/pc/Desktop/project/project/baza-danych/htdocs/g\xc5\x82\xc3\xb3wna.php' not found or unable to stat, referer: http://localhost/main-site/g%C5%82%C3%B3wna.php
[Thu Dec 07 18:49:48.326362 2023] [php:error] [pid 9944:tid 1864] [client ::1:60707] script 'C:/Users/pc/Desktop/project/project/baza-danych/htdocs/g\xc5\x82\xc3\xb3wna.php' not found or unable to stat, referer: http://localhost/main-site/g%C5%82%C3%B3wna.php
[Thu Dec 07 18:50:18.463580 2023] [php:error] [pid 9944:tid 1884] [client ::1:60714] script 'C:/Users/pc/Desktop/project/project/baza-danych/htdocs/g\xc5\x82\xc3\xb3wna.php' not found or unable to stat, referer: http://localhost/main-site/g%C5%82%C3%B3wna.php
